<?xml version="1.0" encoding="UTF-8"?>
<!-- Generated by org.testng.reporters.JUnitReportReporter -->
<testsuite skipped="0" hostname="del1-lhp-n65297" name="org.shl.testng.Flipcart.TestScript" tests="1" failures="0" timestamp="19 Sep 2019 10:34:38 GMT" time="8.436" errors="0">
  <testcase name="login" time="8.436" classname="org.shl.testng.Flipcart.TestScript"/>
</testsuite> <!-- org.shl.testng.Flipcart.TestScript -->
